<?xml version="1.0" encoding="UTF-8"?>
<!-- Generated by org.testng.reporters.JUnitReportReporter -->
<testsuite hostname="DESKTOP-TUIP9G8" failures="0" tests="1" name="testCase.LoginTestCase" time="70.128" errors="0" timestamp="2023-03-04T11:15:34 IST" skipped="0">
  <testcase classname="testCase.LoginTestCase" name="valid_Data" time="70.128"/>
  <system-out/>
</testsuite> <!-- testCase.LoginTestCase -->
